<?xml version="1.0" encoding="UTF-8"?>
<!-- Generated by org.testng.reporters.JUnitReportReporter -->
<testsuite hostname="JunaidAhmeds-MacBook-Pro.local" name="test.TestActitimeLoginandCreateLeaveType" tests="1" failures="0" timestamp="1 Jun 2020 21:58:44 GMT" time="11.069" errors="0">
  <testcase name="createLeave" time="11.069" classname="test.TestActitimeLoginandCreateLeaveType"/>
</testsuite> <!-- test.TestActitimeLoginandCreateLeaveType -->
