<?xml version="1.0" encoding="UTF-8"?>
<!-- Generated by org.testng.reporters.JUnitReportReporter -->
<testsuite hostname="JunaidAhmeds-MacBook-Pro.local" name="test.TestActitimeLoginAndCreateWorkType" tests="1" failures="0" timestamp="1 Jun 2020 21:46:05 GMT" time="10.559" errors="0">
  <testcase name="createWorkType" time="10.559" classname="test.TestActitimeLoginAndCreateWorkType"/>
</testsuite> <!-- test.TestActitimeLoginAndCreateWorkType -->
