<?xml version="1.0" encoding="UTF-8"?>
<!-- Generated by org.testng.reporters.JUnitReportReporter -->
<testsuite hostname="JunaidAhmeds-MacBook-Pro.local" name="test.TestActitimeLoginAndCancelCustomerCreate" tests="1" failures="0" timestamp="1 Jun 2020 22:02:05 GMT" time="12.035" errors="0">
  <testcase name="cancelCustomer" time="12.035" classname="test.TestActitimeLoginAndCancelCustomerCreate"/>
</testsuite> <!-- test.TestActitimeLoginAndCancelCustomerCreate -->
