<?xml version="1.0" encoding="UTF-8"?>
<!-- Generated by org.testng.reporters.JUnitReportReporter -->
<testsuite hostname="JunaidAhmeds-MacBook-Pro.local" name="test.TestActitimeLoginandCreateCustomer" tests="1" failures="0" timestamp="1 Jun 2020 21:58:49 GMT" time="7.833" errors="0">
  <testcase name="createCustomer" time="7.833" classname="test.TestActitimeLoginandCreateCustomer"/>
</testsuite> <!-- test.TestActitimeLoginandCreateCustomer -->
