<?xml version="1.0" encoding="UTF-8"?>
<!-- Generated by org.testng.reporters.JUnitReportReporter -->
<testsuite hostname="JunaidAhmeds-MacBook-Pro.local" name="test.TestActitimeLoginAndDeleteLeaveType" tests="1" failures="0" timestamp="1 Jun 2020 22:02:15 GMT" time="14.528" errors="0">
  <testcase name="deleteLeaveType" time="14.528" classname="test.TestActitimeLoginAndDeleteLeaveType"/>
</testsuite> <!-- test.TestActitimeLoginAndDeleteLeaveType -->
