<?xml version="1.0" encoding="UTF-8"?>
<!-- Generated by org.testng.reporters.JUnitReportReporter -->
<testsuite hostname="JunaidAhmeds-MacBook-Pro.local" name="test.TestActitimeLoginAndDeleteWorkType" tests="1" failures="0" timestamp="1 Jun 2020 22:02:10 GMT" time="14.001" errors="0">
  <testcase name="deleteWorkType" time="14.001" classname="test.TestActitimeLoginAndDeleteWorkType"/>
</testsuite> <!-- test.TestActitimeLoginAndDeleteWorkType -->
