<?xml version="1.0" encoding="UTF-8"?>
<!-- Generated by org.testng.reporters.JUnitReportReporter -->
<testsuite hostname="JunaidAhmeds-MacBook-Pro.local" name="test.TestActitimeLogin" tests="1" failures="0" timestamp="1 Jun 2020 21:58:39 GMT" time="4.068" errors="0">
  <testcase name="login" time="4.068" classname="test.TestActitimeLogin"/>
</testsuite> <!-- test.TestActitimeLogin -->
